<?xml version="1.0" encoding="UTF-8"?>
<!-- Generated by org.testng.reporters.JUnitXMLReporter -->
<testsuite ignored="5" hostname="Faruq" failures="1" tests="4" name="Test" time="12.939" errors="0" timestamp="2023-10-15T13:27:43 EDT">
  <testcase classname="com.facebook.registrationTests.RegistrationTest2" name="faizaRegistrationTest" time="1.559"/>
  <testcase classname="com.facebook.registrationTests.RegistrationTest" name="fabihaRegistrationTest" time="1.447">
    <failure type="java.lang.AssertionError" message="expected [Facebook - log in or sign up] but found [heelooo]">
      <![CDATA[java.lang.AssertionError: expected [Facebook - log in or sign up] but found [heelooo]
at com.facebook.registrationTests.RegistrationTest.fabihaRegistrationTest(RegistrationTest.java:58)
at java.base/java.util.ArrayList.forEach(ArrayList.java:1511)
... Removed 33 stack frames]]>
    </failure>
  </testcase> <!-- fabihaRegistrationTest -->
  <testcase classname="com.facebook.registrationTests.RegistrationTest" name="testSkipped" time="0.0">
    <skipped/>
  </testcase> <!-- testSkipped -->
  <testcase classname="com.facebook.loginTests.LoginTest" name="loginTest1" time="0.136"/>
  <testcase classname="com.facebook.loginTests.LoginTest" name="loginTest" time="0.0">
    <ignored/>
  </testcase> <!-- loginTest -->
  <testcase classname="com.facebook.registrationTests.RegistrationTest" name="faruqRegistrationTest" time="0.0">
    <ignored/>
  </testcase> <!-- faruqRegistrationTest -->
  <testcase classname="com.facebook.loginTests.LoginFunctionalTest" name="loginButtonTest" time="0.0">
    <ignored/>
  </testcase> <!-- loginButtonTest -->
  <testcase classname="com.facebook.loginTests.LoginFunctionalTest" name="userNameTest" time="0.0">
    <ignored/>
  </testcase> <!-- userNameTest -->
  <testcase classname="com.facebook.loginTests.LoginFunctionalTest" name="passwordTest" time="0.0">
    <ignored/>
  </testcase> <!-- passwordTest -->
</testsuite> <!-- Test -->
