<?xml version="1.0" encoding="UTF-8"?>
<testng-results ignored="5" total="9" passed="2" failed="1" skipped="1">
  <reporter-output>
  </reporter-output>
  <suite started-at="2023-10-15T13:27:30 EDT" name="Regression Suite" finished-at="2023-10-15T13:27:43 EDT" duration-ms="12939">
    <groups>
      <group name="Sprint3">
        <method signature="RegistrationTest2.faizaRegistrationTest()[pri:0, instance:com.facebook.registrationTests.RegistrationTest2@41d477ed]" name="faizaRegistrationTest" class="com.facebook.registrationTests.RegistrationTest2"/>
      </group> <!-- Sprint3 -->
      <group name="Regression">
        <method signature="LoginTest.loginTest1()[pri:1, instance:com.facebook.loginTests.LoginTest@6150c3ec]" name="loginTest1" class="com.facebook.loginTests.LoginTest"/>
        <method signature="RegistrationTest.fabihaRegistrationTest()[pri:1, instance:com.facebook.registrationTests.RegistrationTest@1573f9fc]" name="fabihaRegistrationTest" class="com.facebook.registrationTests.RegistrationTest"/>
        <method signature="RegistrationTest.testSkipped()[pri:2, instance:com.facebook.registrationTests.RegistrationTest@1573f9fc]" name="testSkipped" class="com.facebook.registrationTests.RegistrationTest"/>
        <method signature="RegistrationTest2.faizaRegistrationTest()[pri:0, instance:com.facebook.registrationTests.RegistrationTest2@41d477ed]" name="faizaRegistrationTest" class="com.facebook.registrationTests.RegistrationTest2"/>
      </group> <!-- Regression -->
      <group name="Smoke">
        <method signature="RegistrationTest2.faizaRegistrationTest()[pri:0, instance:com.facebook.registrationTests.RegistrationTest2@41d477ed]" name="faizaRegistrationTest" class="com.facebook.registrationTests.RegistrationTest2"/>
      </group> <!-- Smoke -->
    </groups>
    <test started-at="2023-10-15T13:27:30 EDT" name="Test" finished-at="2023-10-15T13:27:43 EDT" duration-ms="12939">
      <class name="com.facebook.registrationTests.RegistrationTest">
        <test-method is-config="true" signature="openFacebook()[pri:0, instance:com.facebook.registrationTests.RegistrationTest@1573f9fc]" started-at="2023-10-15T13:27:34 EDT" name="openFacebook" finished-at="2023-10-15T13:27:36 EDT" duration-ms="1513" status="PASS">
          <reporter-output>
          </reporter-output>
        </test-method> <!-- openFacebook -->
        <test-method signature="fabihaRegistrationTest()[pri:1, instance:com.facebook.registrationTests.RegistrationTest@1573f9fc]" started-at="2023-10-15T13:27:36 EDT" name="fabihaRegistrationTest" finished-at="2023-10-15T13:27:37 EDT" duration-ms="1447" status="FAIL">
          <exception class="java.lang.AssertionError">
            <message>
              <![CDATA[expected [Facebook - log in or sign up] but found [heelooo]]]>
            </message>
            <full-stacktrace>
              <![CDATA[java.lang.AssertionError: expected [Facebook - log in or sign up] but found [heelooo]
at org.testng.Assert.fail(Assert.java:110)
at org.testng.Assert.failNotEquals(Assert.java:1413)
at org.testng.Assert.assertEqualsImpl(Assert.java:149)
at org.testng.Assert.assertEquals(Assert.java:131)
at org.testng.Assert.assertEquals(Assert.java:655)
at org.testng.Assert.assertEquals(Assert.java:665)
at com.facebook.registrationTests.RegistrationTest.fabihaRegistrationTest(RegistrationTest.java:58)
at java.base/jdk.internal.reflect.NativeMethodAccessorImpl.invoke0(Native Method)
at java.base/jdk.internal.reflect.NativeMethodAccessorImpl.invoke(NativeMethodAccessorImpl.java:77)
at java.base/jdk.internal.reflect.DelegatingMethodAccessorImpl.invoke(DelegatingMethodAccessorImpl.java:43)
at java.base/java.lang.reflect.Method.invoke(Method.java:568)
at org.testng.internal.invokers.MethodInvocationHelper.invokeMethod(MethodInvocationHelper.java:139)
at org.testng.internal.invokers.TestInvoker.invokeMethod(TestInvoker.java:677)
at org.testng.internal.invokers.TestInvoker.invokeTestMethod(TestInvoker.java:221)
at org.testng.internal.invokers.MethodRunner.runInSequence(MethodRunner.java:50)
at org.testng.internal.invokers.TestInvoker$MethodInvocationAgent.invoke(TestInvoker.java:969)
at org.testng.internal.invokers.TestInvoker.invokeTestMethods(TestInvoker.java:194)
at org.testng.internal.invokers.TestMethodWorker.invokeTestMethods(TestMethodWorker.java:148)
at org.testng.internal.invokers.TestMethodWorker.run(TestMethodWorker.java:128)
at java.base/java.util.ArrayList.forEach(ArrayList.java:1511)
at org.testng.TestRunner.privateRun(TestRunner.java:829)
at org.testng.TestRunner.run(TestRunner.java:602)
at org.testng.SuiteRunner.runTest(SuiteRunner.java:437)
at org.testng.SuiteRunner.runSequentially(SuiteRunner.java:431)
at org.testng.SuiteRunner.privateRun(SuiteRunner.java:391)
at org.testng.SuiteRunner.run(SuiteRunner.java:330)
at org.testng.SuiteRunnerWorker.runSuite(SuiteRunnerWorker.java:52)
at org.testng.SuiteRunnerWorker.run(SuiteRunnerWorker.java:95)
at org.testng.TestNG.runSuitesSequentially(TestNG.java:1256)
at org.testng.TestNG.runSuitesLocally(TestNG.java:1176)
at org.testng.TestNG.runSuites(TestNG.java:1099)
at org.testng.TestNG.run(TestNG.java:1067)
at org.testng.remote.AbstractRemoteTestNG.run(AbstractRemoteTestNG.java:115)
at org.testng.remote.RemoteTestNG.initAndRun(RemoteTestNG.java:251)
at org.testng.remote.RemoteTestNG.main(RemoteTestNG.java:77)
]]>
            </full-stacktrace>
          </exception> <!-- java.lang.AssertionError -->
          <reporter-output>
          </reporter-output>
        </test-method> <!-- fabihaRegistrationTest -->
        <test-method is-config="true" signature="closeFacebook()[pri:0, instance:com.facebook.registrationTests.RegistrationTest@1573f9fc]" started-at="2023-10-15T13:27:39 EDT" name="closeFacebook" finished-at="2023-10-15T13:27:39 EDT" duration-ms="181" status="PASS">
          <reporter-output>
          </reporter-output>
        </test-method> <!-- closeFacebook -->
        <test-method signature="testSkipped()[pri:2, instance:com.facebook.registrationTests.RegistrationTest@1573f9fc]" started-at="2023-10-15T13:27:39 EDT" name="testSkipped" finished-at="2023-10-15T13:27:39 EDT" depends-on-methods="com.facebook.registrationTests.RegistrationTest.fabihaRegistrationTest" duration-ms="0" status="SKIP">
          <exception class="java.lang.Throwable">
            <message>
              <![CDATA[Method com.facebook.registrationTests.RegistrationTest.testSkipped() on instance com.facebook.registrationTests.RegistrationTest@1573f9fc depends on not successfully finished methods 
[com.facebook.registrationTests.RegistrationTest.fabihaRegistrationTest() on instance com.facebook.registrationTests.RegistrationTest@1573f9fc]]]>
            </message>
            <full-stacktrace>
              <![CDATA[java.lang.Throwable: Method com.facebook.registrationTests.RegistrationTest.testSkipped() on instance com.facebook.registrationTests.RegistrationTest@1573f9fc depends on not successfully finished methods 
[com.facebook.registrationTests.RegistrationTest.fabihaRegistrationTest() on instance com.facebook.registrationTests.RegistrationTest@1573f9fc]
at org.testng.internal.invokers.TestInvoker.invokeTestMethods(TestInvoker.java:150)
at org.testng.internal.invokers.TestMethodWorker.invokeTestMethods(TestMethodWorker.java:148)
at org.testng.internal.invokers.TestMethodWorker.run(TestMethodWorker.java:128)
at java.base/java.util.ArrayList.forEach(ArrayList.java:1511)
at org.testng.TestRunner.privateRun(TestRunner.java:829)
at org.testng.TestRunner.run(TestRunner.java:602)
at org.testng.SuiteRunner.runTest(SuiteRunner.java:437)
at org.testng.SuiteRunner.runSequentially(SuiteRunner.java:431)
at org.testng.SuiteRunner.privateRun(SuiteRunner.java:391)
at org.testng.SuiteRunner.run(SuiteRunner.java:330)
at org.testng.SuiteRunnerWorker.runSuite(SuiteRunnerWorker.java:52)
at org.testng.SuiteRunnerWorker.run(SuiteRunnerWorker.java:95)
at org.testng.TestNG.runSuitesSequentially(TestNG.java:1256)
at org.testng.TestNG.runSuitesLocally(TestNG.java:1176)
at org.testng.TestNG.runSuites(TestNG.java:1099)
at org.testng.TestNG.run(TestNG.java:1067)
at org.testng.remote.AbstractRemoteTestNG.run(AbstractRemoteTestNG.java:115)
at org.testng.remote.RemoteTestNG.initAndRun(RemoteTestNG.java:251)
at org.testng.remote.RemoteTestNG.main(RemoteTestNG.java:77)
]]>
            </full-stacktrace>
          </exception> <!-- java.lang.Throwable -->
          <reporter-output>
          </reporter-output>
        </test-method> <!-- testSkipped -->
      </class> <!-- com.facebook.registrationTests.RegistrationTest -->
      <class name="com.facebook.registrationTests.RegistrationTest2">
        <test-method is-config="true" signature="openFacebook()[pri:0, instance:com.facebook.registrationTests.RegistrationTest2@41d477ed]" started-at="2023-10-15T13:27:30 EDT" name="openFacebook" finished-at="2023-10-15T13:27:32 EDT" duration-ms="2590" status="PASS">
          <reporter-output>
          </reporter-output>
        </test-method> <!-- openFacebook -->
        <test-method signature="faizaRegistrationTest()[pri:0, instance:com.facebook.registrationTests.RegistrationTest2@41d477ed]" started-at="2023-10-15T13:27:32 EDT" name="faizaRegistrationTest" finished-at="2023-10-15T13:27:34 EDT" duration-ms="1559" status="PASS">
          <reporter-output>
          </reporter-output>
        </test-method> <!-- faizaRegistrationTest -->
        <test-method is-config="true" signature="closeFacebook()[pri:0, instance:com.facebook.registrationTests.RegistrationTest2@41d477ed]" started-at="2023-10-15T13:27:34 EDT" name="closeFacebook" finished-at="2023-10-15T13:27:34 EDT" duration-ms="186" status="PASS">
          <reporter-output>
          </reporter-output>
        </test-method> <!-- closeFacebook -->
      </class> <!-- com.facebook.registrationTests.RegistrationTest2 -->
      <class name="com.facebook.loginTests.LoginTest">
        <test-method is-config="true" signature="openFacebook()[pri:0, instance:com.facebook.loginTests.LoginTest@6150c3ec]" started-at="2023-10-15T13:27:41 EDT" name="openFacebook" finished-at="2023-10-15T13:27:42 EDT" duration-ms="1593" status="PASS">
          <reporter-output>
          </reporter-output>
        </test-method> <!-- openFacebook -->
        <test-method signature="loginTest1()[pri:1, instance:com.facebook.loginTests.LoginTest@6150c3ec]" started-at="2023-10-15T13:27:42 EDT" name="loginTest1" finished-at="2023-10-15T13:27:42 EDT" duration-ms="136" status="PASS">
          <reporter-output>
          </reporter-output>
        </test-method> <!-- loginTest1 -->
        <test-method is-config="true" signature="closeFacebook()[pri:0, instance:com.facebook.loginTests.LoginTest@6150c3ec]" started-at="2023-10-15T13:27:42 EDT" name="closeFacebook" finished-at="2023-10-15T13:27:43 EDT" duration-ms="188" status="PASS">
          <reporter-output>
          </reporter-output>
        </test-method> <!-- closeFacebook -->
      </class> <!-- com.facebook.loginTests.LoginTest -->
    </test> <!-- Test -->
  </suite> <!-- Regression Suite -->
</testng-results>
